# JRE version: OpenJDK Runtime Environment Temurin-21.0.11+10 (21.0.11+10) (build 21.0.11+10-LTS)
# Java VM: OpenJDK 64-Bit Server VM Temurin-21.0.11+10 (21.0.11+10-LTS, mixed mode, sharing, tiered, compressed oops, compressed class ptrs, parallel gc, windows-amd64)
GC Precious Log:
 CardTable entry size: 512
 CPUs: 8 total, 8 available
 Memory: 16264M
 Large Page Support: Disabled
 NUMA Support: Disabled
 Compressed Oops: Enabled (32-bit)
 Alignments: Space 512K, Generation 512K, Heap 2M
 Heap Min Capacity: 100M
 Heap Initial Capacity: 100M
 Heap Max Capacity: 2G
 Pre-touch: Disabled
 Parallel Workers: 8
Heap:
 PSYoungGen      total 19456K, used 1203K [0x00000000d5580000, 0x00000000d6b00000, 0x0000000100000000)
  eden space 18944K, 3% used [0x00000000d5580000,0x00000000d5631058,0x00000000d6800000)
  from space 512K, 96% used [0x00000000d6a80000,0x00000000d6afbcb0,0x00000000d6b00000)
  to   space 1536K, 0% used [0x00000000d6800000,0x00000000d6800000,0x00000000d6980000)
 ParOldGen       total 94720K, used 94502K [0x0000000080000000, 0x0000000085c80000, 0x00000000d5580000)
  object space 94720K, 99% used [0x0000000080000000,0x0000000085c49830,0x0000000085c80000)
 Metaspace       used 67665K, committed 69440K, reserved 1114112K
  class space    used 7095K, committed 7872K, reserved 1048576K
GC Heap History (20 events):
Event: 93.144 GC heap before
{Heap before GC invocations=94 (full 3):
 PSYoungGen      total 21504K, used 21476K [0x00000000d5580000, 0x00000000d7180000, 0x0000000100000000)
  eden space 18944K, 100% used [0x00000000d5580000,0x00000000d6800000,0x00000000d6800000)
  from space 2560K, 98% used [0x00000000d6c00000,0x00000000d6e791a0,0x00000000d6e80000)
  to   space 4096K, 0% used [0x00000000d6800000,0x00000000d6800000,0x00000000d6c00000)
 ParOldGen       total 85504K, used 85094K [0x0000000080000000, 0x0000000085380000, 0x00000000d5580000)
  object space 85504K, 99% used [0x0000000080000000,0x0000000085319ba0,0x0000000085380000)
 Metaspace       used 65714K, committed 67328K, reserved 1114112K
  class space    used 6943K, committed 7680K, reserved 1048576K
}
Event: 93.147 GC heap after
{Heap after GC invocations=94 (full 3):
 PSYoungGen      total 22528K, used 3119K [0x00000000d5580000, 0x00000000d6f00000, 0x0000000100000000)
  eden space 18944K, 0% used [0x00000000d5580000,0x00000000d5580000,0x00000000d6800000)
  from space 3584K, 87% used [0x00000000d6800000,0x00000000d6b0bcb0,0x00000000d6b80000)
  to   space 3584K, 0% used [0x00000000d6b80000,0x00000000d6b80000,0x00000000d6f00000)
 ParOldGen       total 87040K, used 86645K [0x0000000080000000, 0x0000000085500000, 0x00000000d5580000)
  object space 87040K, 99% used [0x0000000080000000,0x000000008549d5c0,0x0000000085500000)
 Metaspace       used 65714K, committed 67328K, reserved 1114112K
  class space    used 6943K, committed 7680K, reserved 1048576K
}
Event: 93.236 GC heap before
{Heap before GC invocations=95 (full 3):
 PSYoungGen      total 22528K, used 22063K [0x00000000d5580000, 0x00000000d6f00000, 0x0000000100000000)
  eden space 18944K, 99% used [0x00000000d5580000,0x00000000d67fffd8,0x00000000d6800000)
  from space 3584K, 87% used [0x00000000d6800000,0x00000000d6b0bcb0,0x00000000d6b80000)
  to   space 3584K, 0% used [0x00000000d6b80000,0x00000000d6b80000,0x00000000d6f00000)
 ParOldGen       total 87040K, used 86645K [0x0000000080000000, 0x0000000085500000, 0x00000000d5580000)
  object space 87040K, 99% used [0x0000000080000000,0x000000008549d5c0,0x0000000085500000)
 Metaspace       used 65794K, committed 67456K, reserved 1114112K
  class space    used 6945K, committed 7680K, reserved 1048576K
}
Event: 93.239 GC heap after
{Heap after GC invocations=95 (full 3):
 PSYoungGen      total 21504K, used 2063K [0x00000000d5580000, 0x00000000d6e00000, 0x0000000100000000)
  eden space 18944K, 0% used [0x00000000d5580000,0x00000000d5580000,0x00000000d6800000)
  from space 2560K, 80% used [0x00000000d6b80000,0x00000000d6d83f80,0x00000000d6e00000)
  to   space 2560K, 0% used [0x00000000d6900000,0x00000000d6900000,0x00000000d6b80000)
 ParOldGen       total 90112K, used 89671K [0x0000000080000000, 0x0000000085800000, 0x00000000d5580000)
  object space 90112K, 99% used [0x0000000080000000,0x0000000085791d20,0x0000000085800000)
 Metaspace       used 65794K, committed 67456K, reserved 1114112K
  class space    used 6945K, committed 7680K, reserved 1048576K
}
Event: 117.059 GC heap before
{Heap before GC invocations=96 (full 3):
 PSYoungGen      total 21504K, used 21007K [0x00000000d5580000, 0x00000000d6e00000, 0x0000000100000000)
  eden space 18944K, 100% used [0x00000000d5580000,0x00000000d6800000,0x00000000d6800000)
  from space 2560K, 80% used [0x00000000d6b80000,0x00000000d6d83f80,0x00000000d6e00000)
  to   space 2560K, 0% used [0x00000000d6900000,0x00000000d6900000,0x00000000d6b80000)
 ParOldGen       total 90112K, used 89671K [0x0000000080000000, 0x0000000085800000, 0x00000000d5580000)
  object space 90112K, 99% used [0x0000000080000000,0x0000000085791d20,0x0000000085800000)
 Metaspace       used 65898K, committed 67584K, reserved 1114112K
  class space    used 6945K, committed 7680K, reserved 1048576K
}
Event: 117.063 GC heap after
{Heap after GC invocations=96 (full 3):
 PSYoungGen      total 20480K, used 1177K [0x00000000d5580000, 0x00000000d6c00000, 0x0000000100000000)
  eden space 18944K, 0% used [0x00000000d5580000,0x00000000d5580000,0x00000000d6800000)
  from space 1536K, 76% used [0x00000000d6900000,0x00000000d6a26770,0x00000000d6a80000)
  to   space 1536K, 0% used [0x00000000d6a80000,0x00000000d6a80000,0x00000000d6c00000)
 ParOldGen       total 91136K, used 91066K [0x0000000080000000, 0x0000000085900000, 0x00000000d5580000)
  object space 91136K, 99% used [0x0000000080000000,0x00000000858ee870,0x0000000085900000)
 Metaspace       used 65898K, committed 67584K, reserved 1114112K
  class space    used 6945K, committed 7680K, reserved 1048576K
}
Event: 117.371 GC heap before
{Heap before GC invocations=97 (full 3):
 PSYoungGen      total 20480K, used 20121K [0x00000000d5580000, 0x00000000d6c00000, 0x0000000100000000)
  eden space 18944K, 100% used [0x00000000d5580000,0x00000000d6800000,0x00000000d6800000)
  from space 1536K, 76% used [0x00000000d6900000,0x00000000d6a26770,0x00000000d6a80000)
  to   space 1536K, 0% used [0x00000000d6a80000,0x00000000d6a80000,0x00000000d6c00000)
 ParOldGen       total 91136K, used 91066K [0x0000000080000000, 0x0000000085900000, 0x00000000d5580000)
  object space 91136K, 99% used [0x0000000080000000,0x00000000858ee870,0x0000000085900000)
 Metaspace       used 66012K, committed 67712K, reserved 1114112K
  class space    used 6952K, committed 7680K, reserved 1048576K
}
Event: 117.375 GC heap after
{Heap after GC invocations=97 (full 3):
 PSYoungGen      total 20480K, used 1519K [0x00000000d5580000, 0x00000000d6c00000, 0x0000000100000000)
  eden space 18944K, 0% used [0x00000000d5580000,0x00000000d5580000,0x00000000d6800000)
  from space 1536K, 98% used [0x00000000d6a80000,0x00000000d6bfbcf0,0x00000000d6c00000)
  to   space 2048K, 0% used [0x00000000d6800000,0x00000000d6800000,0x00000000d6a00000)
 ParOldGen       total 91648K, used 91164K [0x0000000080000000, 0x0000000085980000, 0x00000000d5580000)
  object space 91648K, 99% used [0x0000000080000000,0x0000000085907088,0x0000000085980000)
 Metaspace       used 66012K, committed 67712K, reserved 1114112K
  class space    used 6952K, committed 7680K, reserved 1048576K
}
Event: 121.207 GC heap before
{Heap before GC invocations=98 (full 3):
 PSYoungGen      total 20480K, used 20463K [0x00000000d5580000, 0x00000000d6c00000, 0x0000000100000000)
  eden space 18944K, 100% used [0x00000000d5580000,0x00000000d6800000,0x00000000d6800000)
  from space 1536K, 98% used [0x00000000d6a80000,0x00000000d6bfbcf0,0x00000000d6c00000)
  to   space 2048K, 0% used [0x00000000d6800000,0x00000000d6800000,0x00000000d6a00000)
 ParOldGen       total 91648K, used 91164K [0x0000000080000000, 0x0000000085980000, 0x00000000d5580000)
  object space 91648K, 99% used [0x0000000080000000,0x0000000085907088,0x0000000085980000)
 Metaspace       used 66113K, committed 67776K, reserved 1114112K
  class space    used 6957K, committed 7680K, reserved 1048576K
}
Event: 121.212 GC heap after
{Heap after GC invocations=98 (full 3):
 PSYoungGen      total 20992K, used 2041K [0x00000000d5580000, 0x00000000d6f00000, 0x0000000100000000)
  eden space 18944K, 0% used [0x00000000d5580000,0x00000000d5580000,0x00000000d6800000)
  from space 2048K, 99% used [0x00000000d6800000,0x00000000d69fe6a0,0x00000000d6a00000)
  to   space 3584K, 0% used [0x00000000d6b80000,0x00000000d6b80000,0x00000000d6f00000)
 ParOldGen       total 92672K, used 92184K [0x0000000080000000, 0x0000000085a80000, 0x00000000d5580000)
  object space 92672K, 99% used [0x0000000080000000,0x0000000085a060f8,0x0000000085a80000)
 Metaspace       used 66113K, committed 67776K, reserved 1114112K
  class space    used 6957K, committed 7680K, reserved 1048576K
}
Event: 121.362 GC heap before
{Heap before GC invocations=99 (full 3):
 PSYoungGen      total 20992K, used 20985K [0x00000000d5580000, 0x00000000d6f00000, 0x0000000100000000)
  eden space 18944K, 100% used [0x00000000d5580000,0x00000000d6800000,0x00000000d6800000)
  from space 2048K, 99% used [0x00000000d6800000,0x00000000d69fe6a0,0x00000000d6a00000)
  to   space 3584K, 0% used [0x00000000d6b80000,0x00000000d6b80000,0x00000000d6f00000)
 ParOldGen       total 92672K, used 92184K [0x0000000080000000, 0x0000000085a80000, 0x00000000d5580000)
  object space 92672K, 99% used [0x0000000080000000,0x0000000085a060f8,0x0000000085a80000)
 Metaspace       used 66455K, committed 68096K, reserved 1114112K
  class space    used 6987K, committed 7680K, reserved 1048576K
}
Event: 121.365 GC heap after
{Heap after GC invocations=99 (full 3):
 PSYoungGen      total 20992K, used 1657K [0x00000000d5580000, 0x00000000d6d80000, 0x0000000100000000)
  eden space 18944K, 0% used [0x00000000d5580000,0x00000000d5580000,0x00000000d6800000)
  from space 2048K, 80% used [0x00000000d6b80000,0x00000000d6d1e790,0x00000000d6d80000)
  to   space 2560K, 0% used [0x00000000d6880000,0x00000000d6880000,0x00000000d6b00000)
 ParOldGen       total 93184K, used 93058K [0x0000000080000000, 0x0000000085b00000, 0x00000000d5580000)
  object space 93184K, 99% used [0x0000000080000000,0x0000000085ae0878,0x0000000085b00000)
 Metaspace       used 66455K, committed 68096K, reserved 1114112K
  class space    used 6987K, committed 7680K, reserved 1048576K
}
Event: 139.221 GC heap before
{Heap before GC invocations=100 (full 3):
 PSYoungGen      total 20992K, used 20601K [0x00000000d5580000, 0x00000000d6d80000, 0x0000000100000000)
  eden space 18944K, 100% used [0x00000000d5580000,0x00000000d6800000,0x00000000d6800000)
  from space 2048K, 80% used [0x00000000d6b80000,0x00000000d6d1e790,0x00000000d6d80000)
  to   space 2560K, 0% used [0x00000000d6880000,0x00000000d6880000,0x00000000d6b00000)
 ParOldGen       total 93184K, used 93058K [0x0000000080000000, 0x0000000085b00000, 0x00000000d5580000)
  object space 93184K, 99% used [0x0000000080000000,0x0000000085ae0878,0x0000000085b00000)
 Metaspace       used 66632K, committed 68288K, reserved 1114112K
  class space    used 6991K, committed 7744K, reserved 1048576K
}
Event: 139.223 GC heap after
{Heap after GC invocations=100 (full 3):
 PSYoungGen      total 19968K, used 991K [0x00000000d5580000, 0x00000000d6c00000, 0x0000000100000000)
  eden space 18944K, 0% used [0x00000000d5580000,0x00000000d5580000,0x00000000d6800000)
  from space 1024K, 96% used [0x00000000d6880000,0x00000000d6977cc0,0x00000000d6980000)
  to   space 1536K, 0% used [0x00000000d6a80000,0x00000000d6a80000,0x00000000d6c00000)
 ParOldGen       total 93184K, used 93170K [0x0000000080000000, 0x0000000085b00000, 0x00000000d5580000)
  object space 93184K, 99% used [0x0000000080000000,0x0000000085afc878,0x0000000085b00000)
 Metaspace       used 66632K, committed 68288K, reserved 1114112K
  class space    used 6991K, committed 7744K, reserved 1048576K
}
Event: 139.432 GC heap before
{Heap before GC invocations=101 (full 3):
 PSYoungGen      total 19968K, used 19935K [0x00000000d5580000, 0x00000000d6c00000, 0x0000000100000000)
  eden space 18944K, 100% used [0x00000000d5580000,0x00000000d6800000,0x00000000d6800000)
  from space 1024K, 96% used [0x00000000d6880000,0x00000000d6977cc0,0x00000000d6980000)
  to   space 1536K, 0% used [0x00000000d6a80000,0x00000000d6a80000,0x00000000d6c00000)
 ParOldGen       total 93184K, used 93170K [0x0000000080000000, 0x0000000085b00000, 0x00000000d5580000)
  object space 93184K, 99% used [0x0000000080000000,0x0000000085afc878,0x0000000085b00000)
 Metaspace       used 67600K, committed 69376K, reserved 1114112K
  class space    used 7095K, committed 7872K, reserved 1048576K
}
Event: 139.434 GC heap after
{Heap after GC invocations=101 (full 3):
 PSYoungGen      total 20480K, used 1086K [0x00000000d5580000, 0x00000000d6c00000, 0x0000000100000000)
  eden space 18944K, 0% used [0x00000000d5580000,0x00000000d5580000,0x00000000d6800000)
  from space 1536K, 70% used [0x00000000d6a80000,0x00000000d6b8fb88,0x00000000d6c00000)
  to   space 1536K, 0% used [0x00000000d6900000,0x00000000d6900000,0x00000000d6a80000)
 ParOldGen       total 93696K, used 93234K [0x0000000080000000, 0x0000000085b80000, 0x00000000d5580000)
  object space 93696K, 99% used [0x0000000080000000,0x0000000085b0c878,0x0000000085b80000)
 Metaspace       used 67600K, committed 69376K, reserved 1114112K
  class space    used 7095K, committed 7872K, reserved 1048576K
}
Event: 140.826 GC heap before
{Heap before GC invocations=102 (full 3):
 PSYoungGen      total 20480K, used 20030K [0x00000000d5580000, 0x00000000d6c00000, 0x0000000100000000)
  eden space 18944K, 100% used [0x00000000d5580000,0x00000000d6800000,0x00000000d6800000)
  from space 1536K, 70% used [0x00000000d6a80000,0x00000000d6b8fb88,0x00000000d6c00000)
  to   space 1536K, 0% used [0x00000000d6900000,0x00000000d6900000,0x00000000d6a80000)
 ParOldGen       total 93696K, used 93234K [0x0000000080000000, 0x0000000085b80000, 0x00000000d5580000)
  object space 93696K, 99% used [0x0000000080000000,0x0000000085b0c878,0x0000000085b80000)
 Metaspace       used 67629K, committed 69376K, reserved 1114112K
  class space    used 7095K, committed 7872K, reserved 1048576K
}
Event: 140.828 GC heap after
{Heap after GC invocations=102 (full 3):
 PSYoungGen      total 20480K, used 1135K [0x00000000d5580000, 0x00000000d6b00000, 0x0000000100000000)
  eden space 18944K, 0% used [0x00000000d5580000,0x00000000d5580000,0x00000000d6800000)
  from space 1536K, 73% used [0x00000000d6900000,0x00000000d6a1bcd0,0x00000000d6a80000)
  to   space 512K, 0% used [0x00000000d6a80000,0x00000000d6a80000,0x00000000d6b00000)
 ParOldGen       total 93696K, used 93525K [0x0000000080000000, 0x0000000085b80000, 0x00000000d5580000)
  object space 93696K, 99% used [0x0000000080000000,0x0000000085b557d0,0x0000000085b80000)
 Metaspace       used 67629K, committed 69376K, reserved 1114112K
  class space    used 7095K, committed 7872K, reserved 1048576K
}
Event: 140.965 GC heap before
{Heap before GC invocations=103 (full 3):
 PSYoungGen      total 20480K, used 20079K [0x00000000d5580000, 0x00000000d6b00000, 0x0000000100000000)
  eden space 18944K, 100% used [0x00000000d5580000,0x00000000d6800000,0x00000000d6800000)
  from space 1536K, 73% used [0x00000000d6900000,0x00000000d6a1bcd0,0x00000000d6a80000)
  to   space 512K, 0% used [0x00000000d6a80000,0x00000000d6a80000,0x00000000d6b00000)
 ParOldGen       total 93696K, used 93525K [0x0000000080000000, 0x0000000085b80000, 0x00000000d5580000)
  object space 93696K, 99% used [0x0000000080000000,0x0000000085b557d0,0x0000000085b80000)
 Metaspace       used 67658K, committed 69440K, reserved 1114112K
  class space    used 7095K, committed 7872K, reserved 1048576K
}
Event: 140.969 GC heap after
{Heap after GC invocations=103 (full 3):
 PSYoungGen      total 19456K, used 495K [0x00000000d5580000, 0x00000000d6b00000, 0x0000000100000000)
  eden space 18944K, 0% used [0x00000000d5580000,0x00000000d5580000,0x00000000d6800000)
  from space 512K, 96% used [0x00000000d6a80000,0x00000000d6afbcb0,0x00000000d6b00000)
  to   space 1536K, 0% used [0x00000000d6800000,0x00000000d6800000,0x00000000d6980000)
 ParOldGen       total 94720K, used 94502K [0x0000000080000000, 0x0000000085c80000, 0x00000000d5580000)
  object space 94720K, 99% used [0x0000000080000000,0x0000000085c49830,0x0000000085c80000)
 Metaspace       used 67658K, committed 69440K, reserved 1114112K
  class space    used 7095K, committed 7872K, reserved 1048576K
}

